2016-09-14 23:59:54,396 ERROR [main][][org.openo.nfvo.resmanagement.common.util.JsonUtil 155] function=getJsonFieldLong, exception: {} 
net.sf.json.JSONException: JSONObject["a"] is not a JSONObject.
	at net.sf.json.JSONObject.getJSONObject(JSONObject.java:2058)
	at org.openo.nfvo.resmanagement.common.util.JsonUtil.getJsonFieldObject(JsonUtil.java:143)
	at org.openo.nfvo.resmanagement.common.util.JsonUtil.getJsonFieldJson(JsonUtil.java:102)
	at org.openo.nfvo.resmanagement.common.util.JsonUtilTest.testGetJsonFieldObjectException(JsonUtilTest.java:98)
	at sun.reflect.NativeMethodAccessorImpl.invoke0(Native Method)
	at sun.reflect.NativeMethodAccessorImpl.invoke(NativeMethodAccessorImpl.java:62)
	at sun.reflect.DelegatingMethodAccessorImpl.invoke(DelegatingMethodAccessorImpl.java:43)
	at java.lang.reflect.Method.invoke(Method.java:498)
	at org.junit.runners.model.FrameworkMethod$1.runReflectiveCall(FrameworkMethod.java:50)
	at org.junit.internal.runners.model.ReflectiveCallable.run(ReflectiveCallable.java:12)
	at org.junit.runners.model.FrameworkMethod.invokeExplosively(FrameworkMethod.java:47)
	at mockit.integration.junit4.internal.JUnit4TestRunnerDecorator.executeTestMethod(JUnit4TestRunnerDecorator.java:156)
	at mockit.integration.junit4.internal.JUnit4TestRunnerDecorator.invokeExplosively(JUnit4TestRunnerDecorator.java:65)
	at mockit.integration.junit4.internal.MockFrameworkMethod.invokeExplosively(MockFrameworkMethod.java:37)
	at org.junit.runners.model.FrameworkMethod.invokeExplosively(FrameworkMethod.java)
	at org.junit.internal.runners.statements.InvokeMethod.evaluate(InvokeMethod.java:17)
	at org.junit.runners.ParentRunner.runLeaf(ParentRunner.java:325)
	at org.junit.runners.BlockJUnit4ClassRunner.runChild(BlockJUnit4ClassRunner.java:78)
	at org.junit.runners.BlockJUnit4ClassRunner.runChild(BlockJUnit4ClassRunner.java:57)
	at org.junit.runners.ParentRunner$3.run(ParentRunner.java:290)
	at org.junit.runners.ParentRunner$1.schedule(ParentRunner.java:71)
	at org.junit.runners.ParentRunner.runChildren(ParentRunner.java:288)
	at org.junit.runners.ParentRunner.access$000(ParentRunner.java:58)
	at org.junit.runners.ParentRunner$2.evaluate(ParentRunner.java:268)
	at org.junit.runners.ParentRunner.run(ParentRunner.java:363)
	at org.apache.maven.surefire.junit4.JUnit4Provider.execute(JUnit4Provider.java:344)
	at org.apache.maven.surefire.junit4.JUnit4Provider.executeWithRerun(JUnit4Provider.java:269)
	at org.apache.maven.surefire.junit4.JUnit4Provider.executeTestSet(JUnit4Provider.java:240)
	at org.apache.maven.surefire.junit4.JUnit4Provider.invoke(JUnit4Provider.java:184)
	at org.apache.maven.surefire.booter.ForkedBooter.invokeProviderInSameClassLoader(ForkedBooter.java:286)
	at org.apache.maven.surefire.booter.ForkedBooter.runSuitesInProcess(ForkedBooter.java:240)
	at org.apache.maven.surefire.booter.ForkedBooter.main(ForkedBooter.java:121)
2016-09-14 23:59:54,583 ERROR [main][][org.openo.nfvo.resmanagement.common.util.request.RequestUtil 86] function=getJsonRequestBody, maybe request param is not a jsonobject exception: {}
net.sf.json.JSONException
	at org.openo.nfvo.resmanagement.common.util.request.RequestUtilTest$7.getInputStream(RequestUtilTest.java:137)
	at sun.reflect.NativeMethodAccessorImpl.invoke0(Native Method)
	at sun.reflect.NativeMethodAccessorImpl.invoke(NativeMethodAccessorImpl.java:62)
	at sun.reflect.DelegatingMethodAccessorImpl.invoke(DelegatingMethodAccessorImpl.java:43)
	at java.lang.reflect.Method.invoke(Method.java:498)
	at mockit.internal.util.MethodReflection.invokeWithCheckedThrows(MethodReflection.java:128)
	at mockit.internal.util.MethodReflection.invokeWithCheckedThrows(MethodReflection.java:83)
	at mockit.internal.mockups.MockMethodBridge.executeSimpleMockMethod(MockMethodBridge.java:77)
	at mockit.internal.mockups.MockMethodBridge.callMock(MockMethodBridge.java:52)
	at mockit.internal.mockups.MockMethodBridge.invoke(MockMethodBridge.java:39)
	at org.apache.cxf.jaxrs.impl.HttpServletRequestFilter.getInputStream(HttpServletRequestFilter.java)
	at org.openo.nfvo.resmanagement.common.util.request.RequestUtil.getStringRequestBody(RequestUtil.java:66)
	at org.openo.nfvo.resmanagement.common.util.request.RequestUtil.getJsonRequestBody(RequestUtil.java:83)
	at org.openo.nfvo.resmanagement.common.util.request.RequestUtilTest.testGetJsonRequestBodyException(RequestUtilTest.java:140)
	at sun.reflect.NativeMethodAccessorImpl.invoke0(Native Method)
	at sun.reflect.NativeMethodAccessorImpl.invoke(NativeMethodAccessorImpl.java:62)
	at sun.reflect.DelegatingMethodAccessorImpl.invoke(DelegatingMethodAccessorImpl.java:43)
	at java.lang.reflect.Method.invoke(Method.java:498)
	at org.junit.runners.model.FrameworkMethod$1.runReflectiveCall(FrameworkMethod.java:50)
	at org.junit.internal.runners.model.ReflectiveCallable.run(ReflectiveCallable.java:12)
	at org.junit.runners.model.FrameworkMethod.invokeExplosively(FrameworkMethod.java:47)
	at mockit.integration.junit4.internal.JUnit4TestRunnerDecorator.executeTestMethod(JUnit4TestRunnerDecorator.java:156)
	at mockit.integration.junit4.internal.JUnit4TestRunnerDecorator.invokeExplosively(JUnit4TestRunnerDecorator.java:65)
	at mockit.integration.junit4.internal.MockFrameworkMethod.invokeExplosively(MockFrameworkMethod.java:37)
	at org.junit.runners.model.FrameworkMethod.invokeExplosively(FrameworkMethod.java)
	at org.junit.internal.runners.statements.InvokeMethod.evaluate(InvokeMethod.java:17)
	at org.junit.runners.ParentRunner.runLeaf(ParentRunner.java:325)
	at org.junit.runners.BlockJUnit4ClassRunner.runChild(BlockJUnit4ClassRunner.java:78)
	at org.junit.runners.BlockJUnit4ClassRunner.runChild(BlockJUnit4ClassRunner.java:57)
	at org.junit.runners.ParentRunner$3.run(ParentRunner.java:290)
	at org.junit.runners.ParentRunner$1.schedule(ParentRunner.java:71)
	at org.junit.runners.ParentRunner.runChildren(ParentRunner.java:288)
	at org.junit.runners.ParentRunner.access$000(ParentRunner.java:58)
	at org.junit.runners.ParentRunner$2.evaluate(ParentRunner.java:268)
	at org.junit.runners.ParentRunner.run(ParentRunner.java:363)
	at org.apache.maven.surefire.junit4.JUnit4Provider.execute(JUnit4Provider.java:344)
	at org.apache.maven.surefire.junit4.JUnit4Provider.executeWithRerun(JUnit4Provider.java:269)
	at org.apache.maven.surefire.junit4.JUnit4Provider.executeTestSet(JUnit4Provider.java:240)
	at org.apache.maven.surefire.junit4.JUnit4Provider.invoke(JUnit4Provider.java:184)
	at org.apache.maven.surefire.booter.ForkedBooter.invokeProviderInSameClassLoader(ForkedBooter.java:286)
	at org.apache.maven.surefire.booter.ForkedBooter.runSuitesInProcess(ForkedBooter.java:240)
	at org.apache.maven.surefire.booter.ForkedBooter.main(ForkedBooter.java:121)
2016-09-14 23:59:54,601 ERROR [main][][org.openo.nfvo.resmanagement.common.util.request.RequestUtil 69] function=getStringRequestBody, get httpservletrequest body exception: {}
java.io.IOException
	at org.openo.nfvo.resmanagement.common.util.request.RequestUtilTest$3.getInputStream(RequestUtilTest.java:76)
	at sun.reflect.NativeMethodAccessorImpl.invoke0(Native Method)
	at sun.reflect.NativeMethodAccessorImpl.invoke(NativeMethodAccessorImpl.java:62)
	at sun.reflect.DelegatingMethodAccessorImpl.invoke(DelegatingMethodAccessorImpl.java:43)
	at java.lang.reflect.Method.invoke(Method.java:498)
	at mockit.internal.util.MethodReflection.invokeWithCheckedThrows(MethodReflection.java:128)
	at mockit.internal.util.MethodReflection.invokeWithCheckedThrows(MethodReflection.java:83)
	at mockit.internal.mockups.MockMethodBridge.executeSimpleMockMethod(MockMethodBridge.java:77)
	at mockit.internal.mockups.MockMethodBridge.callMock(MockMethodBridge.java:52)
	at mockit.internal.mockups.MockMethodBridge.invoke(MockMethodBridge.java:39)
	at org.apache.cxf.jaxrs.impl.HttpServletRequestFilter.getInputStream(HttpServletRequestFilter.java)
	at org.openo.nfvo.resmanagement.common.util.request.RequestUtil.getStringRequestBody(RequestUtil.java:66)
	at org.openo.nfvo.resmanagement.common.util.request.RequestUtilTest.testGetStringRequestBodyException(RequestUtilTest.java:79)
	at sun.reflect.NativeMethodAccessorImpl.invoke0(Native Method)
	at sun.reflect.NativeMethodAccessorImpl.invoke(NativeMethodAccessorImpl.java:62)
	at sun.reflect.DelegatingMethodAccessorImpl.invoke(DelegatingMethodAccessorImpl.java:43)
	at java.lang.reflect.Method.invoke(Method.java:498)
	at org.junit.runners.model.FrameworkMethod$1.runReflectiveCall(FrameworkMethod.java:50)
	at org.junit.internal.runners.model.ReflectiveCallable.run(ReflectiveCallable.java:12)
	at org.junit.runners.model.FrameworkMethod.invokeExplosively(FrameworkMethod.java:47)
	at mockit.integration.junit4.internal.JUnit4TestRunnerDecorator.executeTestMethod(JUnit4TestRunnerDecorator.java:156)
	at mockit.integration.junit4.internal.JUnit4TestRunnerDecorator.invokeExplosively(JUnit4TestRunnerDecorator.java:65)
	at mockit.integration.junit4.internal.MockFrameworkMethod.invokeExplosively(MockFrameworkMethod.java:37)
	at org.junit.runners.model.FrameworkMethod.invokeExplosively(FrameworkMethod.java)
	at org.junit.internal.runners.statements.InvokeMethod.evaluate(InvokeMethod.java:17)
	at org.junit.runners.ParentRunner.runLeaf(ParentRunner.java:325)
	at org.junit.runners.BlockJUnit4ClassRunner.runChild(BlockJUnit4ClassRunner.java:78)
	at org.junit.runners.BlockJUnit4ClassRunner.runChild(BlockJUnit4ClassRunner.java:57)
	at org.junit.runners.ParentRunner$3.run(ParentRunner.java:290)
	at org.junit.runners.ParentRunner$1.schedule(ParentRunner.java:71)
	at org.junit.runners.ParentRunner.runChildren(ParentRunner.java:288)
	at org.junit.runners.ParentRunner.access$000(ParentRunner.java:58)
	at org.junit.runners.ParentRunner$2.evaluate(ParentRunner.java:268)
	at org.junit.runners.ParentRunner.run(ParentRunner.java:363)
	at org.apache.maven.surefire.junit4.JUnit4Provider.execute(JUnit4Provider.java:344)
	at org.apache.maven.surefire.junit4.JUnit4Provider.executeWithRerun(JUnit4Provider.java:269)
	at org.apache.maven.surefire.junit4.JUnit4Provider.executeTestSet(JUnit4Provider.java:240)
	at org.apache.maven.surefire.junit4.JUnit4Provider.invoke(JUnit4Provider.java:184)
	at org.apache.maven.surefire.booter.ForkedBooter.invokeProviderInSameClassLoader(ForkedBooter.java:286)
	at org.apache.maven.surefire.booter.ForkedBooter.runSuitesInProcess(ForkedBooter.java:240)
	at org.apache.maven.surefire.booter.ForkedBooter.main(ForkedBooter.java:121)
2016-09-14 23:59:54,639 ERROR [main][][org.openo.nfvo.resmanagement.common.util.request.RequestUtil 102] get httpservletrequest body exception
2016-09-14 23:59:54,642 WARN  [main][][org.openo.nfvo.resmanagement.common.util.request.RequestUtil 105] function=getAllJsonRequestBody; msg=get request data is:[{}]
2016-09-14 23:59:54,729 ERROR [main][][org.openo.nfvo.resmanagement.common.util.request.RequestUtil 102] get httpservletrequest body exception
2016-09-14 23:59:54,729 WARN  [main][][org.openo.nfvo.resmanagement.common.util.request.RequestUtil 105] function=getAllJsonRequestBody; msg=get request data is:[{}]
2016-09-14 23:59:54,774 INFO  [main][][org.openo.nfvo.resmanagement.common.util.response.RoaResponseUtil 72] function=get; msg=add result0
2016-09-14 23:59:54,792 INFO  [main][][org.openo.nfvo.resmanagement.common.util.response.RoaResponseUtil 59] function=get; msg=get map:{data=null}
2016-09-14 23:59:54,813 INFO  [main][][org.openo.nfvo.resmanagement.common.util.response.RoaResponseUtil 72] function=get; msg=add result2
2016-09-14 23:59:54,834 INFO  [main][][org.openo.nfvo.resmanagement.common.util.response.RoaResponseUtil 89] function=get; msg=update result2
2016-09-14 23:59:54,855 INFO  [main][][org.openo.nfvo.resmanagement.common.util.response.RoaResponseUtil 106] function=get; msg=delete result0
2016-09-14 23:59:54,870 INFO  [main][][org.openo.nfvo.resmanagement.common.util.response.RoaResponseUtil 106] function=get; msg=delete result-1
2016-09-14 23:59:54,889 INFO  [main][][org.openo.nfvo.resmanagement.common.util.response.RoaResponseUtil 89] function=get; msg=update result0
2016-09-14 23:59:54,928 ERROR [main][][org.openo.baseservice.roa.util.restclient.RestfulConfigure 135] E:\Code\LF_Gerrit\nfvo\resmanagement\ResmanagementService\service/etc/conf/restclient.jsonisn't exist.
2016-09-14 23:59:54,929 ERROR [main][][org.openo.baseservice.roa.util.restclient.RestfulConfigure 104] failed to load json from E:\Code\LF_Gerrit\nfvo\resmanagement\ResmanagementService\service/etc/conf/restclient.json
2016-09-14 23:59:55,173 ERROR [main][][org.openo.nfvo.resmanagement.common.util.RestfulUtil 317] result from  url:null result:null
2016-09-14 23:59:55,184 WARN  [main][][org.openo.nfvo.resmanagement.common.util.RestfulUtil 223] function=restfulResponse, response status is -1 
2016-09-14 23:59:55,184 WARN  [main][][org.openo.nfvo.resmanagement.common.util.RestfulUtil 180] function=getResponseContent, get response httpStatusCode : -1 
2016-09-14 23:59:55,190 WARN  [main][][org.openo.nfvo.resmanagement.common.util.RestfulUtil 223] function=restfulResponse, response status is -1 
2016-09-14 23:59:55,213 WARN  [main][][org.openo.nfvo.resmanagement.common.util.RestfulUtil 223] function=restfulResponse, response status is 200 
2016-09-14 23:59:55,213 WARN  [main][][org.openo.nfvo.resmanagement.common.util.RestfulUtil 180] function=getResponseContent, get response httpStatusCode : 200 
2016-09-14 23:59:55,213 WARN  [main][][org.openo.nfvo.resmanagement.common.util.RestfulUtil 183] function=getResponseContent, get response data success!responseContent=null
2016-09-14 23:59:55,222 ERROR [main][][org.openo.nfvo.resmanagement.common.util.RestfulUtil 261] function=getRestRes, msg=error occurs, e={}.
java.lang.NoSuchMethodException: no such method: org.openo.baseservice.roa.util.restclient.HttpRest.123(String)RestfulResponse/invokeVirtual
	at java.lang.invoke.MemberName.makeAccessException(MemberName.java:873)
	at java.lang.invoke.MemberName$Factory.resolveOrFail(MemberName.java:1005)
	at java.lang.invoke.MethodHandles$Lookup.resolveOrFail(MethodHandles.java:1382)
	at java.lang.invoke.MethodHandles$Lookup.findVirtual(MethodHandles.java:858)
	at org.openo.nfvo.resmanagement.common.util.RestfulUtil.getRestRes(RestfulUtil.java:252)
	at org.openo.nfvo.resmanagement.common.util.RestfulUtilTest.testGetRestResReflectiveOperationException(RestfulUtilTest.java:161)
	at sun.reflect.NativeMethodAccessorImpl.invoke0(Native Method)
	at sun.reflect.NativeMethodAccessorImpl.invoke(NativeMethodAccessorImpl.java:62)
	at sun.reflect.DelegatingMethodAccessorImpl.invoke(DelegatingMethodAccessorImpl.java:43)
	at java.lang.reflect.Method.invoke(Method.java:498)
	at org.junit.runners.model.FrameworkMethod$1.runReflectiveCall(FrameworkMethod.java:50)
	at org.junit.internal.runners.model.ReflectiveCallable.run(ReflectiveCallable.java:12)
	at org.junit.runners.model.FrameworkMethod.invokeExplosively(FrameworkMethod.java:47)
	at mockit.integration.junit4.internal.JUnit4TestRunnerDecorator.executeTestMethod(JUnit4TestRunnerDecorator.java:156)
	at mockit.integration.junit4.internal.JUnit4TestRunnerDecorator.invokeExplosively(JUnit4TestRunnerDecorator.java:65)
	at mockit.integration.junit4.internal.MockFrameworkMethod.invokeExplosively(MockFrameworkMethod.java:37)
	at org.junit.runners.model.FrameworkMethod.invokeExplosively(FrameworkMethod.java)
	at org.junit.internal.runners.statements.InvokeMethod.evaluate(InvokeMethod.java:17)
	at org.junit.runners.ParentRunner.runLeaf(ParentRunner.java:325)
	at org.junit.runners.BlockJUnit4ClassRunner.runChild(BlockJUnit4ClassRunner.java:78)
	at org.junit.runners.BlockJUnit4ClassRunner.runChild(BlockJUnit4ClassRunner.java:57)
	at org.junit.runners.ParentRunner$3.run(ParentRunner.java:290)
	at org.junit.runners.ParentRunner$1.schedule(ParentRunner.java:71)
	at org.junit.runners.ParentRunner.runChildren(ParentRunner.java:288)
	at org.junit.runners.ParentRunner.access$000(ParentRunner.java:58)
	at org.junit.runners.ParentRunner$2.evaluate(ParentRunner.java:268)
	at org.junit.runners.ParentRunner.run(ParentRunner.java:363)
	at org.apache.maven.surefire.junit4.JUnit4Provider.execute(JUnit4Provider.java:344)
	at org.apache.maven.surefire.junit4.JUnit4Provider.executeWithRerun(JUnit4Provider.java:269)
	at org.apache.maven.surefire.junit4.JUnit4Provider.executeTestSet(JUnit4Provider.java:240)
	at org.apache.maven.surefire.junit4.JUnit4Provider.invoke(JUnit4Provider.java:184)
	at org.apache.maven.surefire.booter.ForkedBooter.invokeProviderInSameClassLoader(ForkedBooter.java:286)
	at org.apache.maven.surefire.booter.ForkedBooter.runSuitesInProcess(ForkedBooter.java:240)
	at org.apache.maven.surefire.booter.ForkedBooter.main(ForkedBooter.java:121)
Caused by: java.lang.NoSuchFieldError: method resolution failed
	at java.lang.invoke.MethodHandleNatives.resolve(Native Method)
	at java.lang.invoke.MemberName$Factory.resolve(MemberName.java:977)
	at java.lang.invoke.MemberName$Factory.resolveOrFail(MemberName.java:1002)
	... 32 more
2016-09-14 23:59:55,223 WARN  [main][][org.openo.nfvo.resmanagement.common.util.RestfulUtil 223] function=restfulResponse, response status is -1 
2016-09-14 23:59:55,224 WARN  [main][][org.openo.nfvo.resmanagement.common.util.RestfulUtil 180] function=getResponseContent, get response httpStatusCode : -1 
2016-09-14 23:59:55,241 ERROR [main][][org.openo.nfvo.resmanagement.common.util.RestfulUtil 296] getResources error:net.sf.json.JSONException: JSONObject["data"] is not a JSONArray.
2016-09-14 23:59:55,251 WARN  [main][][org.openo.nfvo.resmanagement.common.util.RestfulUtil 223] function=restfulResponse, response status is -1 
2016-09-14 23:59:55,298 WARN  [main][][org.openo.nfvo.resmanagement.common.util.RestfulUtil 223] function=restfulResponse, response status is -1 
2016-09-14 23:59:55,325 WARN  [main][][org.openo.nfvo.resmanagement.common.util.RestfulUtil 223] function=restfulResponse, response status is -1 
2016-09-14 23:59:55,346 ERROR [main][][org.openo.nfvo.resmanagement.common.util.RestfulUtil 104] function=restResult, exception : {}
net.sf.json.JSONException
	at org.openo.nfvo.resmanagement.common.util.RestfulUtilTest$2.getResponseContent(RestfulUtilTest.java:70)
	at sun.reflect.NativeMethodAccessorImpl.invoke0(Native Method)
	at sun.reflect.NativeMethodAccessorImpl.invoke(NativeMethodAccessorImpl.java:62)
	at sun.reflect.DelegatingMethodAccessorImpl.invoke(DelegatingMethodAccessorImpl.java:43)
	at java.lang.reflect.Method.invoke(Method.java:498)
	at mockit.internal.util.MethodReflection.invokeWithCheckedThrows(MethodReflection.java:128)
	at mockit.internal.util.MethodReflection.invokeWithCheckedThrows(MethodReflection.java:83)
	at mockit.internal.mockups.MockMethodBridge.executeSimpleMockMethod(MockMethodBridge.java:77)
	at mockit.internal.mockups.MockMethodBridge.callMock(MockMethodBridge.java:52)
	at mockit.internal.mockups.MockMethodBridge.invoke(MockMethodBridge.java:39)
	at org.openo.nfvo.resmanagement.common.util.RestfulUtil.getResponseContent(RestfulUtil.java)
	at org.openo.nfvo.resmanagement.common.util.RestfulUtil.getResponseObj(RestfulUtil.java:97)
	at org.openo.nfvo.resmanagement.common.util.RestfulUtilTest.testGetResponseObjExpections(RestfulUtilTest.java:73)
	at sun.reflect.NativeMethodAccessorImpl.invoke0(Native Method)
	at sun.reflect.NativeMethodAccessorImpl.invoke(NativeMethodAccessorImpl.java:62)
	at sun.reflect.DelegatingMethodAccessorImpl.invoke(DelegatingMethodAccessorImpl.java:43)
	at java.lang.reflect.Method.invoke(Method.java:498)
	at org.junit.runners.model.FrameworkMethod$1.runReflectiveCall(FrameworkMethod.java:50)
	at org.junit.internal.runners.model.ReflectiveCallable.run(ReflectiveCallable.java:12)
	at org.junit.runners.model.FrameworkMethod.invokeExplosively(FrameworkMethod.java:47)
	at mockit.integration.junit4.internal.JUnit4TestRunnerDecorator.executeTestMethod(JUnit4TestRunnerDecorator.java:156)
	at mockit.integration.junit4.internal.JUnit4TestRunnerDecorator.invokeExplosively(JUnit4TestRunnerDecorator.java:65)
	at mockit.integration.junit4.internal.MockFrameworkMethod.invokeExplosively(MockFrameworkMethod.java:37)
	at org.junit.runners.model.FrameworkMethod.invokeExplosively(FrameworkMethod.java)
	at org.junit.internal.runners.statements.InvokeMethod.evaluate(InvokeMethod.java:17)
	at org.junit.runners.ParentRunner.runLeaf(ParentRunner.java:325)
	at org.junit.runners.BlockJUnit4ClassRunner.runChild(BlockJUnit4ClassRunner.java:78)
	at org.junit.runners.BlockJUnit4ClassRunner.runChild(BlockJUnit4ClassRunner.java:57)
	at org.junit.runners.ParentRunner$3.run(ParentRunner.java:290)
	at org.junit.runners.ParentRunner$1.schedule(ParentRunner.java:71)
	at org.junit.runners.ParentRunner.runChildren(ParentRunner.java:288)
	at org.junit.runners.ParentRunner.access$000(ParentRunner.java:58)
	at org.junit.runners.ParentRunner$2.evaluate(ParentRunner.java:268)
	at org.junit.runners.ParentRunner.run(ParentRunner.java:363)
	at org.apache.maven.surefire.junit4.JUnit4Provider.execute(JUnit4Provider.java:344)
	at org.apache.maven.surefire.junit4.JUnit4Provider.executeWithRerun(JUnit4Provider.java:269)
	at org.apache.maven.surefire.junit4.JUnit4Provider.executeTestSet(JUnit4Provider.java:240)
	at org.apache.maven.surefire.junit4.JUnit4Provider.invoke(JUnit4Provider.java:184)
	at org.apache.maven.surefire.booter.ForkedBooter.invokeProviderInSameClassLoader(ForkedBooter.java:286)
	at org.apache.maven.surefire.booter.ForkedBooter.runSuitesInProcess(ForkedBooter.java:240)
	at org.apache.maven.surefire.booter.ForkedBooter.main(ForkedBooter.java:121)
2016-09-14 23:59:55,356 ERROR [main][][org.openo.nfvo.resmanagement.common.util.RestfulUtil 261] function=getRestRes, msg=error occurs, e={}.
java.lang.NoSuchMethodException: no such method: org.openo.baseservice.roa.util.restclient.HttpRest.async123(RestfulAsyncCallback)void/invokeVirtual
	at java.lang.invoke.MemberName.makeAccessException(MemberName.java:873)
	at java.lang.invoke.MemberName$Factory.resolveOrFail(MemberName.java:1005)
	at java.lang.invoke.MethodHandles$Lookup.resolveOrFail(MethodHandles.java:1382)
	at java.lang.invoke.MethodHandles$Lookup.findVirtual(MethodHandles.java:858)
	at org.openo.nfvo.resmanagement.common.util.RestfulUtil.getRestRes(RestfulUtil.java:252)
	at org.openo.nfvo.resmanagement.common.util.RestfulUtilTest.testGetRestRes(RestfulUtilTest.java:168)
	at sun.reflect.NativeMethodAccessorImpl.invoke0(Native Method)
	at sun.reflect.NativeMethodAccessorImpl.invoke(NativeMethodAccessorImpl.java:62)
	at sun.reflect.DelegatingMethodAccessorImpl.invoke(DelegatingMethodAccessorImpl.java:43)
	at java.lang.reflect.Method.invoke(Method.java:498)
	at org.junit.runners.model.FrameworkMethod$1.runReflectiveCall(FrameworkMethod.java:50)
	at org.junit.internal.runners.model.ReflectiveCallable.run(ReflectiveCallable.java:12)
	at org.junit.runners.model.FrameworkMethod.invokeExplosively(FrameworkMethod.java:47)
	at mockit.integration.junit4.internal.JUnit4TestRunnerDecorator.executeTestMethod(JUnit4TestRunnerDecorator.java:156)
	at mockit.integration.junit4.internal.JUnit4TestRunnerDecorator.invokeExplosively(JUnit4TestRunnerDecorator.java:65)
	at mockit.integration.junit4.internal.MockFrameworkMethod.invokeExplosively(MockFrameworkMethod.java:37)
	at org.junit.runners.model.FrameworkMethod.invokeExplosively(FrameworkMethod.java)
	at org.junit.internal.runners.statements.InvokeMethod.evaluate(InvokeMethod.java:17)
	at org.junit.runners.ParentRunner.runLeaf(ParentRunner.java:325)
	at org.junit.runners.BlockJUnit4ClassRunner.runChild(BlockJUnit4ClassRunner.java:78)
	at org.junit.runners.BlockJUnit4ClassRunner.runChild(BlockJUnit4ClassRunner.java:57)
	at org.junit.runners.ParentRunner$3.run(ParentRunner.java:290)
	at org.junit.runners.ParentRunner$1.schedule(ParentRunner.java:71)
	at org.junit.runners.ParentRunner.runChildren(ParentRunner.java:288)
	at org.junit.runners.ParentRunner.access$000(ParentRunner.java:58)
	at org.junit.runners.ParentRunner$2.evaluate(ParentRunner.java:268)
	at org.junit.runners.ParentRunner.run(ParentRunner.java:363)
	at org.apache.maven.surefire.junit4.JUnit4Provider.execute(JUnit4Provider.java:344)
	at org.apache.maven.surefire.junit4.JUnit4Provider.executeWithRerun(JUnit4Provider.java:269)
	at org.apache.maven.surefire.junit4.JUnit4Provider.executeTestSet(JUnit4Provider.java:240)
	at org.apache.maven.surefire.junit4.JUnit4Provider.invoke(JUnit4Provider.java:184)
	at org.apache.maven.surefire.booter.ForkedBooter.invokeProviderInSameClassLoader(ForkedBooter.java:286)
	at org.apache.maven.surefire.booter.ForkedBooter.runSuitesInProcess(ForkedBooter.java:240)
	at org.apache.maven.surefire.booter.ForkedBooter.main(ForkedBooter.java:121)
Caused by: java.lang.NoSuchFieldError: method resolution failed
	at java.lang.invoke.MethodHandleNatives.resolve(Native Method)
	at java.lang.invoke.MemberName$Factory.resolve(MemberName.java:977)
	at java.lang.invoke.MemberName$Factory.resolveOrFail(MemberName.java:1002)
	... 32 more
2016-09-14 23:59:55,358 WARN  [main][][org.openo.nfvo.resmanagement.common.util.RestfulUtil 223] function=restfulResponse, response status is -1 
2016-09-14 23:59:55,358 WARN  [main][][org.openo.nfvo.resmanagement.common.util.RestfulUtil 180] function=getResponseContent, get response httpStatusCode : -1 
2016-09-14 23:59:55,358 ERROR [main][][org.openo.nfvo.resmanagement.common.util.RestfulUtil 286] result from  url:null result:null
2016-09-14 23:59:55,359 WARN  [main][][org.openo.nfvo.resmanagement.common.util.RestfulUtil 223] function=restfulResponse, response status is -1 
2016-09-14 23:59:55,359 WARN  [main][][org.openo.nfvo.resmanagement.common.util.RestfulUtil 223] function=restfulResponse, response status is -1 
2016-09-14 23:59:55,359 WARN  [main][][org.openo.nfvo.resmanagement.common.util.RestfulUtil 223] function=restfulResponse, response status is -1 
2016-09-14 23:59:55,378 ERROR [main][][org.openo.nfvo.resmanagement.common.util.RestfulUtil 327] getResources error:net.sf.json.JSONException: JSONObject[""] is not a JSONArray.
2016-09-14 23:59:55,394 INFO  [main][][org.openo.nfvo.resmanagement.common.util.StringUtil 68] isAnyLargeThanZero : 123 is > 0
